22-05-25 19:22:57 Update Outdated (by CompMan.xlsb) for ErH.xlsm: 
22-05-25 19:22:57 ------------------------------------------------
22-05-25 19:24:21 ===============================================
22-05-25 19:24:21 Export Changed (by CompMan.xlsb) for ErH.xlsm: 
22-05-25 19:24:21 -----------------------------------------------
22-05-25 19:24:21 ========================================================
22-05-25 19:24:21 ExportChangedComponents (by CompMan.xlsb) for ErH.xlsm: 
22-05-25 19:24:21 --------------------------------------------------------
22-05-25 19:24:22 UserForm           fMsg .........: Unchanged Used Common Component
22-05-25 19:24:22 Standard-Module    mAnyModule ...: Unchanged component
22-05-25 19:24:22 Standard-Module    mCompManClient: Unchanged Used Common Component
22-05-25 19:24:22 Standard-Module    mErH .........: Hosted Raw Common Component code modified
22-05-25 19:24:22                                    Code modified of Hosted Raw Common Component
22-05-25 19:24:22                                    Exported, Revision Number increased, Export File copied to 'Common Components Folder'
22-05-25 19:24:22 Standard-Module    mErHDemo .....: Modified code exported
22-05-25 19:24:22 Standard-Module    mErHTest .....: Unchanged component
22-05-25 19:24:22 Standard-Module    mMsg .........: Unchanged Used Common Component
22-05-25 19:24:22 Standard-Module    mTrc .........: Unchanged Used Common Component
22-05-25 19:24:22 Workbook           wbErrHndlrTest: Modified code exported
22-05-25 19:24:22 Worksheet CodeName wsAbout ......: Unchanged component
22-05-25 19:24:22 Worksheet CodeName wsTest .......: Unchanged component
