[fMsg]
BackUpRenewed=01.04.2020 12:46:37
[wbErrHndlrTest]
BackedUpInExportFile=E:\Ablage\Excel VBA\DevAndTest\Common\ErrHndlr\wbErrHndlrTest.cls
BackUpRenewed=25.03.2020 19:16:33
[mTest]
BackedUpInExportFile=E:\Ablage\Excel VBA\DevAndTest\Common\ErrHndlr\mTest.bas
BackUpRenewed=02.04.2020 17:57:22
[clsCallStackItem]
BackedUpInExportFile=E:\Ablage\Excel VBA\DevAndTest\Common\ErrHndlr\clsCallStackItem.cls
[mAnyModule]
BackedUpInExportFile=E:\Ablage\Excel VBA\DevAndTest\Common\ErrHndlr\mAnyModule.bas
BackUpRenewed=01.04.2020 12:46:38
[mDemo]
BackedUpInExportFile=E:\Ablage\Excel VBA\DevAndTest\Common\ErrHndlr\mDemo.bas
BackUpRenewed=02.04.2020 17:57:21
[clsCallStack]
BackedUpInExportFile=E:\Ablage\Excel VBA\DevAndTest\Common\ErrHndlr\clsCallStack.cls
BackUpRenewed=01.04.2020 19:50:18
[mErrHndlr]
BackedUpInExportFile=E:\Ablage\Excel VBA\DevAndTest\Common\ErrHndlr\mErrHndlr.bas
BackUpRenewed=01.04.2020 19:34:52
[mCommon]
BackUpRenewed=02.04.2020 18:05:48
[mCommComp]
BackedUpInExportFile=E:\Ablage\Excel VBA\DevAndTest\Common\ErrHndlr\mCommComp.bas
